<?xml version="1.0" encoding="UTF-8"?>
<testsuite name="com.skills.cloud.CloudSkillsSpringBootExamApplicationTests" tests="1" skipped="0" failures="0" errors="0" timestamp="2023-12-12T02:24:23" hostname="ip-10-0-10-5" time="0.744">
  <properties/>
  <testcase name="contextLoads()" classname="com.skills.cloud.CloudSkillsSpringBootExamApplicationTests" time="0.744"/>
  <system-out><![CDATA[02:24:17.940 [Test worker] DEBUG org.springframework.test.context.BootstrapUtils - Instantiating CacheAwareContextLoaderDelegate from class [org.springframework.test.context.cache.DefaultCacheAwareContextLoaderDelegate]
02:24:17.955 [Test worker] DEBUG org.springframework.test.context.BootstrapUtils - Instantiating BootstrapContext using constructor [public org.springframework.test.context.support.DefaultBootstrapContext(java.lang.Class,org.springframework.test.context.CacheAwareContextLoaderDelegate)]
02:24:18.026 [Test worker] DEBUG org.springframework.test.context.BootstrapUtils - Instantiating TestContextBootstrapper for test class [com.skills.cloud.CloudSkillsSpringBootExamApplicationTests] from class [org.springframework.boot.test.context.SpringBootTestContextBootstrapper]
02:24:18.054 [Test worker] INFO org.springframework.boot.test.context.SpringBootTestContextBootstrapper - Neither @ContextConfiguration nor @ContextHierarchy found for test class [com.skills.cloud.CloudSkillsSpringBootExamApplicationTests], using SpringBootContextLoader
02:24:18.058 [Test worker] DEBUG org.springframework.test.context.support.AbstractContextLoader - Did not detect default resource location for test class [com.skills.cloud.CloudSkillsSpringBootExamApplicationTests]: class path resource [com/skills/cloud/CloudSkillsSpringBootExamApplicationTests-context.xml] does not exist
02:24:18.060 [Test worker] DEBUG org.springframework.test.context.support.AbstractContextLoader - Did not detect default resource location for test class [com.skills.cloud.CloudSkillsSpringBootExamApplicationTests]: class path resource [com/skills/cloud/CloudSkillsSpringBootExamApplicationTestsContext.groovy] does not exist
02:24:18.061 [Test worker] INFO org.springframework.test.context.support.AbstractContextLoader - Could not detect default resource locations for test class [com.skills.cloud.CloudSkillsSpringBootExamApplicationTests]: no resource found for suffixes {-context.xml, Context.groovy}.
02:24:18.063 [Test worker] INFO org.springframework.test.context.support.AnnotationConfigContextLoaderUtils - Could not detect default configuration classes for test class [com.skills.cloud.CloudSkillsSpringBootExamApplicationTests]: CloudSkillsSpringBootExamApplicationTests does not declare any static, non-private, non-final, nested classes annotated with @Configuration.
02:24:18.164 [Test worker] DEBUG org.springframework.test.context.support.ActiveProfilesUtils - Could not find an 'annotation declaring class' for annotation type [org.springframework.test.context.ActiveProfiles] and class [com.skills.cloud.CloudSkillsSpringBootExamApplicationTests]
02:24:18.313 [Test worker] DEBUG org.springframework.context.annotation.ClassPathScanningCandidateComponentProvider - Identified candidate component class: file [/home/ubuntu/springboot/build/classes/java/main/com/skills/cloud/CloudSkillsSpringBootExamApplication.class]
02:24:18.316 [Test worker] INFO org.springframework.boot.test.context.SpringBootTestContextBootstrapper - Found @SpringBootConfiguration com.skills.cloud.CloudSkillsSpringBootExamApplication for test class com.skills.cloud.CloudSkillsSpringBootExamApplicationTests
02:24:18.534 [Test worker] DEBUG org.springframework.boot.test.context.SpringBootTestContextBootstrapper - @TestExecutionListeners is not present for class [com.skills.cloud.CloudSkillsSpringBootExamApplicationTests]: using defaults.
02:24:18.536 [Test worker] INFO org.springframework.boot.test.context.SpringBootTestContextBootstrapper - Loaded default TestExecutionListener class names from location [META-INF/spring.factories]: [org.springframework.boot.test.autoconfigure.restdocs.RestDocsTestExecutionListener, org.springframework.boot.test.autoconfigure.web.client.MockRestServiceServerResetTestExecutionListener, org.springframework.boot.test.autoconfigure.web.servlet.MockMvcPrintOnlyOnFailureTestExecutionListener, org.springframework.boot.test.autoconfigure.web.servlet.WebDriverTestExecutionListener, org.springframework.boot.test.autoconfigure.webservices.client.MockWebServiceServerTestExecutionListener, org.springframework.boot.test.mock.mockito.MockitoTestExecutionListener, org.springframework.boot.test.mock.mockito.ResetMocksTestExecutionListener, org.springframework.test.context.web.ServletTestExecutionListener, org.springframework.test.context.support.DirtiesContextBeforeModesTestExecutionListener, org.springframework.test.context.event.ApplicationEventsTestExecutionListener, org.springframework.test.context.support.DependencyInjectionTestExecutionListener, org.springframework.test.context.support.DirtiesContextTestExecutionListener, org.springframework.test.context.transaction.TransactionalTestExecutionListener, org.springframework.test.context.jdbc.SqlScriptsTestExecutionListener, org.springframework.test.context.event.EventPublishingTestExecutionListener]
02:24:18.561 [Test worker] DEBUG org.springframework.boot.test.context.SpringBootTestContextBootstrapper - Skipping candidate TestExecutionListener [org.springframework.test.context.transaction.TransactionalTestExecutionListener] due to a missing dependency. Specify custom listener classes or make the default listener classes and their required dependencies available. Offending class: [org/springframework/transaction/interceptor/TransactionAttributeSource]
02:24:18.563 [Test worker] DEBUG org.springframework.boot.test.context.SpringBootTestContextBootstrapper - Skipping candidate TestExecutionListener [org.springframework.test.context.jdbc.SqlScriptsTestExecutionListener] due to a missing dependency. Specify custom listener classes or make the default listener classes and their required dependencies available. Offending class: [org/springframework/transaction/interceptor/TransactionAttribute]
02:24:18.564 [Test worker] INFO org.springframework.boot.test.context.SpringBootTestContextBootstrapper - Using TestExecutionListeners: [org.springframework.test.context.web.ServletTestExecutionListener@5ce33a58, org.springframework.test.context.support.DirtiesContextBeforeModesTestExecutionListener@78a287ed, org.springframework.test.context.event.ApplicationEventsTestExecutionListener@546ccad7, org.springframework.boot.test.mock.mockito.MockitoTestExecutionListener@5357c287, org.springframework.boot.test.autoconfigure.SpringBootDependencyInjectionTestExecutionListener@1623134f, org.springframework.test.context.support.DirtiesContextTestExecutionListener@7a527389, org.springframework.test.context.event.EventPublishingTestExecutionListener@485a3466, org.springframework.boot.test.autoconfigure.restdocs.RestDocsTestExecutionListener@25748410, org.springframework.boot.test.autoconfigure.web.client.MockRestServiceServerResetTestExecutionListener@2b43529a, org.springframework.boot.test.autoconfigure.web.servlet.MockMvcPrintOnlyOnFailureTestExecutionListener@4264b240, org.springframework.boot.test.autoconfigure.web.servlet.WebDriverTestExecutionListener@5b04476e, org.springframework.boot.test.autoconfigure.webservices.client.MockWebServiceServerTestExecutionListener@5ad10c1a, org.springframework.boot.test.mock.mockito.ResetMocksTestExecutionListener@6bb75258]
02:24:18.571 [Test worker] DEBUG org.springframework.test.context.support.AbstractDirtiesContextTestExecutionListener - Before test class: context [DefaultTestContext@6cbcf243 testClass = CloudSkillsSpringBootExamApplicationTests, testInstance = [null], testMethod = [null], testException = [null], mergedContextConfiguration = [WebMergedContextConfiguration@29e6eb25 testClass = CloudSkillsSpringBootExamApplicationTests, locations = '{}', classes = '{class com.skills.cloud.CloudSkillsSpringBootExamApplication}', contextInitializerClasses = '[]', activeProfiles = '{}', propertySourceLocations = '{}', propertySourceProperties = '{org.springframework.boot.test.context.SpringBootTestContextBootstrapper=true}', contextCustomizers = set[org.springframework.boot.test.autoconfigure.actuate.metrics.MetricsExportContextCustomizerFactory$DisableMetricExportContextCustomizer@2c78d320, org.springframework.boot.test.autoconfigure.properties.PropertyMappingContextCustomizer@0, org.springframework.boot.test.autoconfigure.web.servlet.WebDriverContextCustomizerFactory$Customizer@ca30bc1, org.springframework.boot.test.context.filter.ExcludeFilterContextCustomizer@73cd37c0, org.springframework.boot.test.json.DuplicateJsonObjectContextCustomizerFactory$DuplicateJsonObjectContextCustomizer@7a362b6b, org.springframework.boot.test.mock.mockito.MockitoContextCustomizer@0, org.springframework.boot.test.web.client.TestRestTemplateContextCustomizer@265adfad, org.springframework.boot.test.context.SpringBootTestArgs@1, org.springframework.boot.test.context.SpringBootTestWebEnvironment@76ed1b7c], resourceBasePath = 'src/main/webapp', contextLoader = 'org.springframework.boot.test.context.SpringBootContextLoader', parent = [null]], attributes = map['org.springframework.test.context.web.ServletTestExecutionListener.activateListener' -> true]], class annotated with @DirtiesContext [false] with mode [null].

  .   ____          _            __ _ _
 /\\ / ___'_ __ _ _(_)_ __  __ _ \ \ \ \
( ( )\___ | '_ | '_| | '_ \/ _` | \ \ \ \
 \\/  ___)| |_)| | | | | || (_| |  ) ) ) )
  '  |____| .__|_| |_|_| |_\__, | / / / /
 =========|_|==============|___/=/_/_/_/
 :: Spring Boot ::                (v2.6.3)

2023-12-12 02:24:19.353  INFO 8337 --- [    Test worker] loudSkillsSpringBootExamApplicationTests : Starting CloudSkillsSpringBootExamApplicationTests using Java 11.0.21 on ip-10-0-10-5 with PID 8337 (started by root in /home/ubuntu/springboot)
2023-12-12 02:24:19.354  INFO 8337 --- [    Test worker] loudSkillsSpringBootExamApplicationTests : No active profile set, falling back to default profiles: default
2023-12-12 02:24:22.940  WARN 8337 --- [    Test worker] ion$DefaultTemplateResolverConfiguration : Cannot find template location: classpath:/templates/ (please add some templates or check your Thymeleaf configuration)
2023-12-12 02:24:23.174  INFO 8337 --- [    Test worker] loudSkillsSpringBootExamApplicationTests : Started CloudSkillsSpringBootExamApplicationTests in 4.508 seconds (JVM running for 7.357)
]]></system-out>
  <system-err><![CDATA[]]></system-err>
</testsuite>
