<?xml version="1.0" encoding="UTF-8"?>
<testsuite name="com.skills.cloud.CloudSkillsSpringBootExamApplicationTests" tests="1" skipped="0" failures="0" errors="0" timestamp="2023-11-21T06:58:40" hostname="ip-10-0-10-85" time="0.594">
  <properties/>
  <testcase name="contextLoads()" classname="com.skills.cloud.CloudSkillsSpringBootExamApplicationTests" time="0.594"/>
  <system-out><![CDATA[06:58:34.876 [Test worker] DEBUG org.springframework.test.context.BootstrapUtils - Instantiating CacheAwareContextLoaderDelegate from class [org.springframework.test.context.cache.DefaultCacheAwareContextLoaderDelegate]
06:58:34.895 [Test worker] DEBUG org.springframework.test.context.BootstrapUtils - Instantiating BootstrapContext using constructor [public org.springframework.test.context.support.DefaultBootstrapContext(java.lang.Class,org.springframework.test.context.CacheAwareContextLoaderDelegate)]
06:58:34.965 [Test worker] DEBUG org.springframework.test.context.BootstrapUtils - Instantiating TestContextBootstrapper for test class [com.skills.cloud.CloudSkillsSpringBootExamApplicationTests] from class [org.springframework.boot.test.context.SpringBootTestContextBootstrapper]
06:58:34.992 [Test worker] INFO org.springframework.boot.test.context.SpringBootTestContextBootstrapper - Neither @ContextConfiguration nor @ContextHierarchy found for test class [com.skills.cloud.CloudSkillsSpringBootExamApplicationTests], using SpringBootContextLoader
06:58:35.000 [Test worker] DEBUG org.springframework.test.context.support.AbstractContextLoader - Did not detect default resource location for test class [com.skills.cloud.CloudSkillsSpringBootExamApplicationTests]: class path resource [com/skills/cloud/CloudSkillsSpringBootExamApplicationTests-context.xml] does not exist
06:58:35.002 [Test worker] DEBUG org.springframework.test.context.support.AbstractContextLoader - Did not detect default resource location for test class [com.skills.cloud.CloudSkillsSpringBootExamApplicationTests]: class path resource [com/skills/cloud/CloudSkillsSpringBootExamApplicationTestsContext.groovy] does not exist
06:58:35.003 [Test worker] INFO org.springframework.test.context.support.AbstractContextLoader - Could not detect default resource locations for test class [com.skills.cloud.CloudSkillsSpringBootExamApplicationTests]: no resource found for suffixes {-context.xml, Context.groovy}.
06:58:35.004 [Test worker] INFO org.springframework.test.context.support.AnnotationConfigContextLoaderUtils - Could not detect default configuration classes for test class [com.skills.cloud.CloudSkillsSpringBootExamApplicationTests]: CloudSkillsSpringBootExamApplicationTests does not declare any static, non-private, non-final, nested classes annotated with @Configuration.
06:58:35.111 [Test worker] DEBUG org.springframework.test.context.support.ActiveProfilesUtils - Could not find an 'annotation declaring class' for annotation type [org.springframework.test.context.ActiveProfiles] and class [com.skills.cloud.CloudSkillsSpringBootExamApplicationTests]
06:58:35.258 [Test worker] DEBUG org.springframework.context.annotation.ClassPathScanningCandidateComponentProvider - Identified candidate component class: file [/root/cloud-skills-spring-boot-example/build/classes/java/main/com/skills/cloud/CloudSkillsSpringBootExamApplication.class]
06:58:35.261 [Test worker] INFO org.springframework.boot.test.context.SpringBootTestContextBootstrapper - Found @SpringBootConfiguration com.skills.cloud.CloudSkillsSpringBootExamApplication for test class com.skills.cloud.CloudSkillsSpringBootExamApplicationTests
06:58:35.468 [Test worker] DEBUG org.springframework.boot.test.context.SpringBootTestContextBootstrapper - @TestExecutionListeners is not present for class [com.skills.cloud.CloudSkillsSpringBootExamApplicationTests]: using defaults.
06:58:35.472 [Test worker] INFO org.springframework.boot.test.context.SpringBootTestContextBootstrapper - Loaded default TestExecutionListener class names from location [META-INF/spring.factories]: [org.springframework.boot.test.autoconfigure.restdocs.RestDocsTestExecutionListener, org.springframework.boot.test.autoconfigure.web.client.MockRestServiceServerResetTestExecutionListener, org.springframework.boot.test.autoconfigure.web.servlet.MockMvcPrintOnlyOnFailureTestExecutionListener, org.springframework.boot.test.autoconfigure.web.servlet.WebDriverTestExecutionListener, org.springframework.boot.test.autoconfigure.webservices.client.MockWebServiceServerTestExecutionListener, org.springframework.boot.test.mock.mockito.MockitoTestExecutionListener, org.springframework.boot.test.mock.mockito.ResetMocksTestExecutionListener, org.springframework.test.context.web.ServletTestExecutionListener, org.springframework.test.context.support.DirtiesContextBeforeModesTestExecutionListener, org.springframework.test.context.event.ApplicationEventsTestExecutionListener, org.springframework.test.context.support.DependencyInjectionTestExecutionListener, org.springframework.test.context.support.DirtiesContextTestExecutionListener, org.springframework.test.context.transaction.TransactionalTestExecutionListener, org.springframework.test.context.jdbc.SqlScriptsTestExecutionListener, org.springframework.test.context.event.EventPublishingTestExecutionListener]
06:58:35.493 [Test worker] DEBUG org.springframework.boot.test.context.SpringBootTestContextBootstrapper - Skipping candidate TestExecutionListener [org.springframework.test.context.transaction.TransactionalTestExecutionListener] due to a missing dependency. Specify custom listener classes or make the default listener classes and their required dependencies available. Offending class: [org/springframework/transaction/interceptor/TransactionAttributeSource]
06:58:35.502 [Test worker] DEBUG org.springframework.boot.test.context.SpringBootTestContextBootstrapper - Skipping candidate TestExecutionListener [org.springframework.test.context.jdbc.SqlScriptsTestExecutionListener] due to a missing dependency. Specify custom listener classes or make the default listener classes and their required dependencies available. Offending class: [org/springframework/transaction/interceptor/TransactionAttribute]
06:58:35.503 [Test worker] INFO org.springframework.boot.test.context.SpringBootTestContextBootstrapper - Using TestExecutionListeners: [org.springframework.test.context.web.ServletTestExecutionListener@73db4768, org.springframework.test.context.support.DirtiesContextBeforeModesTestExecutionListener@71b3bc45, org.springframework.test.context.event.ApplicationEventsTestExecutionListener@a8c1f44, org.springframework.boot.test.mock.mockito.MockitoTestExecutionListener@150ab4ed, org.springframework.boot.test.autoconfigure.SpringBootDependencyInjectionTestExecutionListener@3c435123, org.springframework.test.context.support.DirtiesContextTestExecutionListener@50fe837a, org.springframework.test.context.event.EventPublishingTestExecutionListener@3a62c01e, org.springframework.boot.test.autoconfigure.restdocs.RestDocsTestExecutionListener@7a8fa663, org.springframework.boot.test.autoconfigure.web.client.MockRestServiceServerResetTestExecutionListener@5ce33a58, org.springframework.boot.test.autoconfigure.web.servlet.MockMvcPrintOnlyOnFailureTestExecutionListener@78a287ed, org.springframework.boot.test.autoconfigure.web.servlet.WebDriverTestExecutionListener@546ccad7, org.springframework.boot.test.autoconfigure.webservices.client.MockWebServiceServerTestExecutionListener@5357c287, org.springframework.boot.test.mock.mockito.ResetMocksTestExecutionListener@1623134f]
06:58:35.512 [Test worker] DEBUG org.springframework.test.context.support.AbstractDirtiesContextTestExecutionListener - Before test class: context [DefaultTestContext@3e34ace1 testClass = CloudSkillsSpringBootExamApplicationTests, testInstance = [null], testMethod = [null], testException = [null], mergedContextConfiguration = [WebMergedContextConfiguration@62fe6067 testClass = CloudSkillsSpringBootExamApplicationTests, locations = '{}', classes = '{class com.skills.cloud.CloudSkillsSpringBootExamApplication}', contextInitializerClasses = '[]', activeProfiles = '{}', propertySourceLocations = '{}', propertySourceProperties = '{org.springframework.boot.test.context.SpringBootTestContextBootstrapper=true}', contextCustomizers = set[org.springframework.boot.test.autoconfigure.actuate.metrics.MetricsExportContextCustomizerFactory$DisableMetricExportContextCustomizer@70f02c32, org.springframework.boot.test.autoconfigure.properties.PropertyMappingContextCustomizer@0, org.springframework.boot.test.autoconfigure.web.servlet.WebDriverContextCustomizerFactory$Customizer@4716be8b, org.springframework.boot.test.context.filter.ExcludeFilterContextCustomizer@6cce16f4, org.springframework.boot.test.json.DuplicateJsonObjectContextCustomizerFactory$DuplicateJsonObjectContextCustomizer@ca30bc1, org.springframework.boot.test.mock.mockito.MockitoContextCustomizer@0, org.springframework.boot.test.web.client.TestRestTemplateContextCustomizer@66c61024, org.springframework.boot.test.context.SpringBootTestArgs@1, org.springframework.boot.test.context.SpringBootTestWebEnvironment@610f7aa], resourceBasePath = 'src/main/webapp', contextLoader = 'org.springframework.boot.test.context.SpringBootContextLoader', parent = [null]], attributes = map['org.springframework.test.context.web.ServletTestExecutionListener.activateListener' -> true]], class annotated with @DirtiesContext [false] with mode [null].

  .   ____          _            __ _ _
 /\\ / ___'_ __ _ _(_)_ __  __ _ \ \ \ \
( ( )\___ | '_ | '_| | '_ \/ _` | \ \ \ \
 \\/  ___)| |_)| | | | | || (_| |  ) ) ) )
  '  |____| .__|_| |_|_| |_\__, | / / / /
 =========|_|==============|___/=/_/_/_/
 :: Spring Boot ::                (v2.6.3)

2023-11-21 06:58:36.285  INFO 12119 --- [    Test worker] loudSkillsSpringBootExamApplicationTests : Starting CloudSkillsSpringBootExamApplicationTests using Java 11.0.20.1 on ip-10-0-10-85 with PID 12119 (started by root in /root/cloud-skills-spring-boot-example)
2023-11-21 06:58:36.286  INFO 12119 --- [    Test worker] loudSkillsSpringBootExamApplicationTests : No active profile set, falling back to default profiles: default
2023-11-21 06:58:39.801  WARN 12119 --- [    Test worker] ion$DefaultTemplateResolverConfiguration : Cannot find template location: classpath:/templates/ (please add some templates or check your Thymeleaf configuration)
2023-11-21 06:58:40.021  INFO 12119 --- [    Test worker] loudSkillsSpringBootExamApplicationTests : Started CloudSkillsSpringBootExamApplicationTests in 4.418 seconds (JVM running for 7.064)
]]></system-out>
  <system-err><![CDATA[]]></system-err>
</testsuite>
