<?xml version="1.0" encoding="UTF-8"?>
<testsuite name="com.skills.cloud.CloudSkillsSpringBootExamApplicationTests" tests="1" skipped="0" failures="0" errors="0" timestamp="2023-11-23T02:06:04" hostname="ip-10-0-10-161" time="0.685">
  <properties/>
  <testcase name="contextLoads()" classname="com.skills.cloud.CloudSkillsSpringBootExamApplicationTests" time="0.685"/>
  <system-out><![CDATA[02:05:59.513 [Test worker] DEBUG org.springframework.test.context.BootstrapUtils - Instantiating CacheAwareContextLoaderDelegate from class [org.springframework.test.context.cache.DefaultCacheAwareContextLoaderDelegate]
02:05:59.537 [Test worker] DEBUG org.springframework.test.context.BootstrapUtils - Instantiating BootstrapContext using constructor [public org.springframework.test.context.support.DefaultBootstrapContext(java.lang.Class,org.springframework.test.context.CacheAwareContextLoaderDelegate)]
02:05:59.612 [Test worker] DEBUG org.springframework.test.context.BootstrapUtils - Instantiating TestContextBootstrapper for test class [com.skills.cloud.CloudSkillsSpringBootExamApplicationTests] from class [org.springframework.boot.test.context.SpringBootTestContextBootstrapper]
02:05:59.642 [Test worker] INFO org.springframework.boot.test.context.SpringBootTestContextBootstrapper - Neither @ContextConfiguration nor @ContextHierarchy found for test class [com.skills.cloud.CloudSkillsSpringBootExamApplicationTests], using SpringBootContextLoader
02:05:59.648 [Test worker] DEBUG org.springframework.test.context.support.AbstractContextLoader - Did not detect default resource location for test class [com.skills.cloud.CloudSkillsSpringBootExamApplicationTests]: class path resource [com/skills/cloud/CloudSkillsSpringBootExamApplicationTests-context.xml] does not exist
02:05:59.649 [Test worker] DEBUG org.springframework.test.context.support.AbstractContextLoader - Did not detect default resource location for test class [com.skills.cloud.CloudSkillsSpringBootExamApplicationTests]: class path resource [com/skills/cloud/CloudSkillsSpringBootExamApplicationTestsContext.groovy] does not exist
02:05:59.650 [Test worker] INFO org.springframework.test.context.support.AbstractContextLoader - Could not detect default resource locations for test class [com.skills.cloud.CloudSkillsSpringBootExamApplicationTests]: no resource found for suffixes {-context.xml, Context.groovy}.
02:05:59.651 [Test worker] INFO org.springframework.test.context.support.AnnotationConfigContextLoaderUtils - Could not detect default configuration classes for test class [com.skills.cloud.CloudSkillsSpringBootExamApplicationTests]: CloudSkillsSpringBootExamApplicationTests does not declare any static, non-private, non-final, nested classes annotated with @Configuration.
02:05:59.747 [Test worker] DEBUG org.springframework.test.context.support.ActiveProfilesUtils - Could not find an 'annotation declaring class' for annotation type [org.springframework.test.context.ActiveProfiles] and class [com.skills.cloud.CloudSkillsSpringBootExamApplicationTests]
02:05:59.902 [Test worker] DEBUG org.springframework.context.annotation.ClassPathScanningCandidateComponentProvider - Identified candidate component class: file [/home/ubuntu/springboot/springboot/build/classes/java/main/com/skills/cloud/CloudSkillsSpringBootExamApplication.class]
02:05:59.907 [Test worker] INFO org.springframework.boot.test.context.SpringBootTestContextBootstrapper - Found @SpringBootConfiguration com.skills.cloud.CloudSkillsSpringBootExamApplication for test class com.skills.cloud.CloudSkillsSpringBootExamApplicationTests
02:06:00.147 [Test worker] DEBUG org.springframework.boot.test.context.SpringBootTestContextBootstrapper - @TestExecutionListeners is not present for class [com.skills.cloud.CloudSkillsSpringBootExamApplicationTests]: using defaults.
02:06:00.152 [Test worker] INFO org.springframework.boot.test.context.SpringBootTestContextBootstrapper - Loaded default TestExecutionListener class names from location [META-INF/spring.factories]: [org.springframework.boot.test.autoconfigure.restdocs.RestDocsTestExecutionListener, org.springframework.boot.test.autoconfigure.web.client.MockRestServiceServerResetTestExecutionListener, org.springframework.boot.test.autoconfigure.web.servlet.MockMvcPrintOnlyOnFailureTestExecutionListener, org.springframework.boot.test.autoconfigure.web.servlet.WebDriverTestExecutionListener, org.springframework.boot.test.autoconfigure.webservices.client.MockWebServiceServerTestExecutionListener, org.springframework.boot.test.mock.mockito.MockitoTestExecutionListener, org.springframework.boot.test.mock.mockito.ResetMocksTestExecutionListener, org.springframework.test.context.web.ServletTestExecutionListener, org.springframework.test.context.support.DirtiesContextBeforeModesTestExecutionListener, org.springframework.test.context.event.ApplicationEventsTestExecutionListener, org.springframework.test.context.support.DependencyInjectionTestExecutionListener, org.springframework.test.context.support.DirtiesContextTestExecutionListener, org.springframework.test.context.transaction.TransactionalTestExecutionListener, org.springframework.test.context.jdbc.SqlScriptsTestExecutionListener, org.springframework.test.context.event.EventPublishingTestExecutionListener]
02:06:00.180 [Test worker] DEBUG org.springframework.boot.test.context.SpringBootTestContextBootstrapper - Skipping candidate TestExecutionListener [org.springframework.test.context.transaction.TransactionalTestExecutionListener] due to a missing dependency. Specify custom listener classes or make the default listener classes and their required dependencies available. Offending class: [org/springframework/transaction/interceptor/TransactionAttributeSource]
02:06:00.182 [Test worker] DEBUG org.springframework.boot.test.context.SpringBootTestContextBootstrapper - Skipping candidate TestExecutionListener [org.springframework.test.context.jdbc.SqlScriptsTestExecutionListener] due to a missing dependency. Specify custom listener classes or make the default listener classes and their required dependencies available. Offending class: [org/springframework/transaction/interceptor/TransactionAttribute]
02:06:00.182 [Test worker] INFO org.springframework.boot.test.context.SpringBootTestContextBootstrapper - Using TestExecutionListeners: [org.springframework.test.context.web.ServletTestExecutionListener@4e28bdd1, org.springframework.test.context.support.DirtiesContextBeforeModesTestExecutionListener@53f48368, org.springframework.test.context.event.ApplicationEventsTestExecutionListener@24d4d7c9, org.springframework.boot.test.mock.mockito.MockitoTestExecutionListener@f0e995e, org.springframework.boot.test.autoconfigure.SpringBootDependencyInjectionTestExecutionListener@4c37b5b, org.springframework.test.context.support.DirtiesContextTestExecutionListener@73db4768, org.springframework.test.context.event.EventPublishingTestExecutionListener@71b3bc45, org.springframework.boot.test.autoconfigure.restdocs.RestDocsTestExecutionListener@a8c1f44, org.springframework.boot.test.autoconfigure.web.client.MockRestServiceServerResetTestExecutionListener@150ab4ed, org.springframework.boot.test.autoconfigure.web.servlet.MockMvcPrintOnlyOnFailureTestExecutionListener@3c435123, org.springframework.boot.test.autoconfigure.web.servlet.WebDriverTestExecutionListener@50fe837a, org.springframework.boot.test.autoconfigure.webservices.client.MockWebServiceServerTestExecutionListener@3a62c01e, org.springframework.boot.test.mock.mockito.ResetMocksTestExecutionListener@7a8fa663]
02:06:00.191 [Test worker] DEBUG org.springframework.test.context.support.AbstractDirtiesContextTestExecutionListener - Before test class: context [DefaultTestContext@2453f95d testClass = CloudSkillsSpringBootExamApplicationTests, testInstance = [null], testMethod = [null], testException = [null], mergedContextConfiguration = [WebMergedContextConfiguration@44828f6b testClass = CloudSkillsSpringBootExamApplicationTests, locations = '{}', classes = '{class com.skills.cloud.CloudSkillsSpringBootExamApplication}', contextInitializerClasses = '[]', activeProfiles = '{}', propertySourceLocations = '{}', propertySourceProperties = '{org.springframework.boot.test.context.SpringBootTestContextBootstrapper=true}', contextCustomizers = set[org.springframework.boot.test.autoconfigure.actuate.metrics.MetricsExportContextCustomizerFactory$DisableMetricExportContextCustomizer@172b013, org.springframework.boot.test.autoconfigure.properties.PropertyMappingContextCustomizer@0, org.springframework.boot.test.autoconfigure.web.servlet.WebDriverContextCustomizerFactory$Customizer@5f354bcf, org.springframework.boot.test.context.filter.ExcludeFilterContextCustomizer@4716be8b, org.springframework.boot.test.json.DuplicateJsonObjectContextCustomizerFactory$DuplicateJsonObjectContextCustomizer@1869fbd2, org.springframework.boot.test.mock.mockito.MockitoContextCustomizer@0, org.springframework.boot.test.web.client.TestRestTemplateContextCustomizer@2fd953a6, org.springframework.boot.test.context.SpringBootTestArgs@1, org.springframework.boot.test.context.SpringBootTestWebEnvironment@548e6d58], resourceBasePath = 'src/main/webapp', contextLoader = 'org.springframework.boot.test.context.SpringBootContextLoader', parent = [null]], attributes = map['org.springframework.test.context.web.ServletTestExecutionListener.activateListener' -> true]], class annotated with @DirtiesContext [false] with mode [null].

  .   ____          _            __ _ _
 /\\ / ___'_ __ _ _(_)_ __  __ _ \ \ \ \
( ( )\___ | '_ | '_| | '_ \/ _` | \ \ \ \
 \\/  ___)| |_)| | | | | || (_| |  ) ) ) )
  '  |____| .__|_| |_|_| |_\__, | / / / /
 =========|_|==============|___/=/_/_/_/
 :: Spring Boot ::                (v2.6.3)

2023-11-23 02:06:00.941  INFO 26727 --- [    Test worker] loudSkillsSpringBootExamApplicationTests : Starting CloudSkillsSpringBootExamApplicationTests using Java 11.0.20.1 on ip-10-0-10-161 with PID 26727 (started by root in /home/ubuntu/springboot/springboot)
2023-11-23 02:06:00.946  INFO 26727 --- [    Test worker] loudSkillsSpringBootExamApplicationTests : No active profile set, falling back to default profiles: default
2023-11-23 02:06:04.690  WARN 26727 --- [    Test worker] ion$DefaultTemplateResolverConfiguration : Cannot find template location: classpath:/templates/ (please add some templates or check your Thymeleaf configuration)
2023-11-23 02:06:04.917  INFO 26727 --- [    Test worker] loudSkillsSpringBootExamApplicationTests : Started CloudSkillsSpringBootExamApplicationTests in 4.636 seconds (JVM running for 7.349)
]]></system-out>
  <system-err><![CDATA[]]></system-err>
</testsuite>
